<?xml version="1.0" encoding="UTF-8"?>
<coverage generated="1748882458001" clover="3.2.0">
  <project timestamp="1748882458001" name="All files">
    <metrics statements="16" coveredstatements="2" conditionals="15" coveredconditionals="6" methods="2" coveredmethods="1" elements="33" coveredelements="9" complexity="0" loc="16" ncloc="16" packages="1" files="1" classes="1"/>
    <file name="mod_loader.ts" path="/Users/jono/Documents/GitHub/ProtoFusionGirl/protoFusionGirl/src/mods/mod_loader.ts">
      <metrics statements="16" coveredstatements="2" conditionals="15" coveredconditionals="6" methods="2" coveredmethods="1"/>
      <line num="22" count="0" type="stmt"/>
      <line num="23" count="0" type="stmt"/>
      <line num="24" count="0" type="stmt"/>
      <line num="25" count="0" type="cond" truecount="0" falsecount="5"/>
      <line num="26" count="0" type="stmt"/>
      <line num="28" count="0" type="cond" truecount="0" falsecount="4"/>
      <line num="29" count="0" type="stmt"/>
      <line num="31" count="0" type="stmt"/>
      <line num="32" count="0" type="stmt"/>
      <line num="33" count="0" type="stmt"/>
      <line num="34" count="0" type="stmt"/>
      <line num="35" count="0" type="stmt"/>
      <line num="36" count="0" type="stmt"/>
      <line num="38" count="0" type="stmt"/>
      <line num="48" count="3" type="stmt"/>
      <line num="57" count="1" type="stmt"/>
    </file>
  </project>
</coverage>
