{"/Users/jono/Documents/GitHub/ProtoFusionGirl/protoFusionGirl/src/mods/mod_loader.ts": {"path":"/Users/jono/Documents/GitHub/ProtoFusionGirl/protoFusionGirl/src/mods/mod_loader.ts","statementMap":{"0":{"start":{"line":22,"column":2},"end":{"line":39,"column":3}},"1":{"start":{"line":23,"column":21},"end":{"line":23,"column":63}},"2":{"start":{"line":24,"column":20},"end":{"line":24,"column":41}},"3":{"start":{"line":25,"column":4},"end":{"line":27,"column":5}},"4":{"start":{"line":26,"column":6},"end":{"line":26,"column":71}},"5":{"start":{"line":28,"column":4},"end":{"line":30,"column":5}},"6":{"start":{"line":29,"column":6},"end":{"line":29,"column":71}},"7":{"start":{"line":31,"column":22},"end":{"line":31,"column":61}},"8":{"start":{"line":32,"column":19},"end":{"line":32,"column":51}},"9":{"start":{"line":33,"column":4},"end":{"line":33,"column":27}},"10":{"start":{"line":34,"column":4},"end":{"line":34,"column":24}},"11":{"start":{"line":35,"column":4},"end":{"line":35,"column":38}},"12":{"start":{"line":36,"column":4},"end":{"line":36,"column":66}},"13":{"start":{"line":38,"column":4},"end":{"line":38,"column":56}},"14":{"start":{"line":48,"column":2},"end":{"line":54,"column":4}},"15":{"start":{"line":57,"column":0},"end":{"line":57,"column":50}}},"fnMap":{"0":{"name":"loadModFromIPFS","decl":{"start":{"line":21,"column":15},"end":{"line":21,"column":30}},"loc":{"start":{"line":21,"column":36},"end":{"line":40,"column":1}},"line":21},"1":{"name":"validateMod","decl":{"start":{"line":47,"column":9},"end":{"line":47,"column":20}},"loc":{"start":{"line":47,"column":30},"end":{"line":55,"column":1}},"line":47}},"branchMap":{"0":{"loc":{"start":{"line":25,"column":4},"end":{"line":27,"column":5}},"type":"if","locations":[{"start":{"line":25,"column":4},"end":{"line":27,"column":5}},{"start":{},"end":{}}],"line":25},"1":{"loc":{"start":{"line":25,"column":8},"end":{"line":25,"column":59}},"type":"binary-expr","locations":[{"start":{"line":25,"column":8},"end":{"line":25,"column":21}},{"start":{"line":25,"column":25},"end":{"line":25,"column":41}},{"start":{"line":25,"column":45},"end":{"line":25,"column":59}}],"line":25},"2":{"loc":{"start":{"line":28,"column":4},"end":{"line":30,"column":5}},"type":"if","locations":[{"start":{"line":28,"column":4},"end":{"line":30,"column":5}},{"start":{},"end":{}}],"line":28},"3":{"loc":{"start":{"line":28,"column":8},"end":{"line":28,"column":56}},"type":"binary-expr","locations":[{"start":{"line":28,"column":8},"end":{"line":28,"column":22}},{"start":{"line":28,"column":26},"end":{"line":28,"column":56}}],"line":28},"4":{"loc":{"start":{"line":49,"column":4},"end":{"line":53,"column":67}},"type":"binary-expr","locations":[{"start":{"line":49,"column":4},"end":{"line":49,"column":31}},{"start":{"line":50,"column":4},"end":{"line":50,"column":36}},{"start":{"line":51,"column":4},"end":{"line":51,"column":39}},{"start":{"line":52,"column":4},"end":{"line":52,"column":37}},{"start":{"line":53,"column":5},"end":{"line":53,"column":33}},{"start":{"line":53,"column":37},"end":{"line":53,"column":66}}],"line":49}},"s":{"0":0,"1":0,"2":0,"3":0,"4":0,"5":0,"6":0,"7":0,"8":0,"9":0,"10":0,"11":0,"12":0,"13":0,"14":3,"15":1},"f":{"0":0,"1":3},"b":{"0":[0,0],"1":[0,0,0],"2":[0,0],"3":[0,0],"4":[3,3,2,2,2,2]},"_coverageSchema":"1a1c01bbd47fc00a2c39e90264f33305004495a9","hash":"212717fa8cf97907d95f553e2fa14384d9ca7556"}
}
