{"/Users/jono/Documents/GitHub/ProtoFusionGirl/protoFusionGirl/src/mods/mod_loader.ts": {"path":"/Users/jono/Documents/GitHub/ProtoFusionGirl/protoFusionGirl/src/mods/mod_loader.ts","statementMap":{"0":{"start":{"line":19,"column":30},"end":{"line":22,"column":2}},"1":{"start":{"line":24,"column":25},"end":{"line":30,"column":2}},"2":{"start":{"line":38,"column":17},"end":{"line":38,"column":45}},"3":{"start":{"line":39,"column":2},"end":{"line":39,"column":24}},"4":{"start":{"line":48,"column":2},"end":{"line":62,"column":3}},"5":{"start":{"line":49,"column":21},"end":{"line":49,"column":63}},"6":{"start":{"line":50,"column":20},"end":{"line":50,"column":41}},"7":{"start":{"line":51,"column":4},"end":{"line":53,"column":5}},"8":{"start":{"line":52,"column":6},"end":{"line":52,"column":72}},"9":{"start":{"line":54,"column":22},"end":{"line":54,"column":61}},"10":{"start":{"line":55,"column":19},"end":{"line":55,"column":51}},"11":{"start":{"line":56,"column":4},"end":{"line":56,"column":27}},"12":{"start":{"line":57,"column":4},"end":{"line":57,"column":24}},"13":{"start":{"line":58,"column":4},"end":{"line":58,"column":38}},"14":{"start":{"line":59,"column":4},"end":{"line":59,"column":66}},"15":{"start":{"line":61,"column":4},"end":{"line":61,"column":56}},"16":{"start":{"line":68,"column":2},"end":{"line":71,"column":3}},"17":{"start":{"line":69,"column":4},"end":{"line":69,"column":52}},"18":{"start":{"line":70,"column":4},"end":{"line":70,"column":11}},"19":{"start":{"line":73,"column":2},"end":{"line":73,"column":70}},"20":{"start":{"line":75,"column":2},"end":{"line":78,"column":5}},"21":{"start":{"line":76,"column":4},"end":{"line":76,"column":73}},"22":{"start":{"line":80,"column":2},"end":{"line":80,"column":69}}},"fnMap":{"0":{"name":"validateMod","decl":{"start":{"line":37,"column":16},"end":{"line":37,"column":27}},"loc":{"start":{"line":37,"column":44},"end":{"line":40,"column":1}}},"1":{"name":"loadModFromIPFS","decl":{"start":{"line":47,"column":15},"end":{"line":47,"column":30}},"loc":{"start":{"line":47,"column":34},"end":{"line":63,"column":1}}},"2":{"name":"loadSampleMod","decl":{"start":{"line":67,"column":16},"end":{"line":67,"column":29}},"loc":{"start":{"line":67,"column":29},"end":{"line":82,"column":1}}},"3":{"name":"(anonymous_3)","decl":{"start":{"line":75,"column":27},"end":{"line":75,"column":32}},"loc":{"start":{"line":75,"column":35},"end":{"line":78,"column":3}}}},"branchMap":{"0":{"loc":{"start":{"line":51,"column":4},"end":{"line":53,"column":5}},"type":"if","locations":[{"start":{"line":51,"column":4},"end":{"line":53,"column":5}}]},"1":{"loc":{"start":{"line":68,"column":2},"end":{"line":71,"column":3}},"type":"if","locations":[{"start":{"line":68,"column":2},"end":{"line":71,"column":3}}]}},"s":{"0":1,"1":1,"2":7,"3":7,"4":0,"5":0,"6":0,"7":0,"8":0,"9":0,"10":0,"11":0,"12":0,"13":0,"14":0,"15":0,"16":0,"17":0,"18":0,"19":0,"20":0,"21":0,"22":0},"f":{"0":7,"1":0,"2":0,"3":0},"b":{"0":[0],"1":[0]}}
}
