TN:
SF:src/mods/mod_loader.ts
FN:21,loadModFromIPFS
FN:47,validateMod
FNF:2
FNH:1
FNDA:0,loadModFromIPFS
FNDA:3,validateMod
DA:22,0
DA:23,0
DA:24,0
DA:25,0
DA:26,0
DA:28,0
DA:29,0
DA:31,0
DA:32,0
DA:33,0
DA:34,0
DA:35,0
DA:36,0
DA:38,0
DA:48,3
DA:57,1
LF:16
LH:2
BRDA:25,0,0,0
BRDA:25,0,1,0
BRDA:25,1,0,0
BRDA:25,1,1,0
BRDA:25,1,2,0
BRDA:28,2,0,0
BRDA:28,2,1,0
BRDA:28,3,0,0
BRDA:28,3,1,0
BRDA:49,4,0,3
BRDA:49,4,1,3
BRDA:49,4,2,2
BRDA:49,4,3,2
BRDA:49,4,4,2
BRDA:49,4,5,2
BRF:15
BRH:6
end_of_record
