<?xml version="1.0" encoding="UTF-8"?>
<coverage generated="1748886293802" clover="3.2.0">
  <project timestamp="1748886293802" name="All files">
    <metrics statements="23" coveredstatements="4" conditionals="2" coveredconditionals="0" methods="4" coveredmethods="1" elements="29" coveredelements="5" complexity="0" loc="23" ncloc="23" packages="1" files="1" classes="1"/>
    <file name="mod_loader.ts" path="/Users/jono/Documents/GitHub/ProtoFusionGirl/protoFusionGirl/src/mods/mod_loader.ts">
      <metrics statements="23" coveredstatements="4" conditionals="2" coveredconditionals="0" methods="4" coveredmethods="1"/>
      <line num="19" count="1" type="stmt"/>
      <line num="24" count="1" type="stmt"/>
      <line num="38" count="7" type="stmt"/>
      <line num="39" count="7" type="stmt"/>
      <line num="48" count="0" type="stmt"/>
      <line num="49" count="0" type="stmt"/>
      <line num="50" count="0" type="stmt"/>
      <line num="51" count="0" type="cond" truecount="0" falsecount="1"/>
      <line num="52" count="0" type="stmt"/>
      <line num="54" count="0" type="stmt"/>
      <line num="55" count="0" type="stmt"/>
      <line num="56" count="0" type="stmt"/>
      <line num="57" count="0" type="stmt"/>
      <line num="58" count="0" type="stmt"/>
      <line num="59" count="0" type="stmt"/>
      <line num="61" count="0" type="stmt"/>
      <line num="68" count="0" type="cond" truecount="0" falsecount="1"/>
      <line num="69" count="0" type="stmt"/>
      <line num="70" count="0" type="stmt"/>
      <line num="73" count="0" type="stmt"/>
      <line num="75" count="0" type="stmt"/>
      <line num="76" count="0" type="stmt"/>
      <line num="80" count="0" type="stmt"/>
    </file>
  </project>
</coverage>
