<?xml version="1.0" encoding="UTF-8"?>
<coverage generated="1748989148394" clover="3.2.0">
  <project timestamp="1748989148394" name="All files">
    <metrics statements="29" coveredstatements="29" conditionals="5" coveredconditionals="4" methods="15" coveredmethods="15" elements="49" coveredelements="48" complexity="0" loc="29" ncloc="29" packages="1" files="2" classes="2"/>
    <file name="TileRegistry.ts" path="/Users/jono/Documents/GitHub/ProtoFusionGirl/src/world/tilemap/TileRegistry.ts">
      <metrics statements="17" coveredstatements="17" conditionals="5" coveredconditionals="4" methods="8" coveredmethods="8"/>
      <line num="11" count="2" type="stmt"/>
      <line num="12" count="11" type="stmt"/>
      <line num="13" count="11" type="stmt"/>
      <line num="16" count="8" type="stmt"/>
      <line num="17" count="8" type="cond" truecount="1" falsecount="0"/>
      <line num="18" count="4" type="cond" truecount="1" falsecount="0"/>
      <line num="19" count="4" type="stmt"/>
      <line num="24" count="1" type="cond" truecount="0" falsecount="1"/>
      <line num="25" count="1" type="stmt"/>
      <line num="26" count="2" type="stmt"/>
      <line num="31" count="7" type="stmt"/>
      <line num="35" count="2" type="stmt"/>
      <line num="39" count="1" type="stmt"/>
      <line num="46" count="5" type="cond" truecount="1" falsecount="0"/>
      <line num="47" count="2" type="stmt"/>
      <line num="49" count="5" type="cond" truecount="1" falsecount="0"/>
      <line num="50" count="1" type="stmt"/>
    </file>
    <file name="TileUndoManager.ts" path="/Users/jono/Documents/GitHub/ProtoFusionGirl/src/world/tilemap/TileUndoManager.ts">
      <metrics statements="12" coveredstatements="12" conditionals="0" coveredconditionals="0" methods="7" coveredmethods="7"/>
      <line num="4" count="1" type="stmt"/>
      <line num="5" count="5" type="stmt"/>
      <line num="8" count="5" type="stmt"/>
      <line num="16" count="10" type="stmt"/>
      <line num="25" count="4" type="stmt"/>
      <line num="28" count="4" type="stmt"/>
      <line num="35" count="1" type="stmt"/>
      <line num="38" count="1" type="stmt"/>
      <line num="45" count="2" type="stmt"/>
      <line num="52" count="2" type="stmt"/>
      <line num="59" count="1" type="stmt"/>
      <line num="60" count="1" type="stmt"/>
    </file>
  </project>
</coverage>
