{"/Users/jono/Documents/GitHub/ProtoFusionGirl/src/world/tilemap/TileRegistry.ts": {"path":"/Users/jono/Documents/GitHub/ProtoFusionGirl/src/world/tilemap/TileRegistry.ts","statementMap":{"0":{"start":{"line":12,"column":10},"end":{"line":12,"column":null}},"1":{"start":{"line":13,"column":10},"end":{"line":13,"column":null}},"2":{"start":{"line":16,"column":4},"end":{"line":16,"column":34}},"3":{"start":{"line":17,"column":4},"end":{"line":20,"column":5}},"4":{"start":{"line":18,"column":6},"end":{"line":18,"column":71}},"5":{"start":{"line":18,"column":39},"end":{"line":18,"column":71}},"6":{"start":{"line":19,"column":6},"end":{"line":19,"column":47}},"7":{"start":{"line":24,"column":4},"end":{"line":24,"column":27}},"8":{"start":{"line":24,"column":20},"end":{"line":24,"column":27}},"9":{"start":{"line":25,"column":4},"end":{"line":27,"column":5}},"10":{"start":{"line":26,"column":6},"end":{"line":26,"column":38}},"11":{"start":{"line":31,"column":4},"end":{"line":31,"column":30}},"12":{"start":{"line":35,"column":4},"end":{"line":35,"column":43}},"13":{"start":{"line":39,"column":4},"end":{"line":42,"column":6}},"14":{"start":{"line":46,"column":4},"end":{"line":48,"column":5}},"15":{"start":{"line":47,"column":6},"end":{"line":47,"column":77}},"16":{"start":{"line":47,"column":65},"end":{"line":47,"column":74}},"17":{"start":{"line":49,"column":4},"end":{"line":51,"column":5}},"18":{"start":{"line":50,"column":6},"end":{"line":50,"column":48}},"19":{"start":{"line":11,"column":0},"end":{"line":11,"column":13}}},"fnMap":{"0":{"name":"(anonymous_0)","decl":{"start":{"line":11,"column":0},"end":{"line":11,"column":13}},"loc":{"start":{"line":11,"column":0},"end":{"line":54,"column":1}}},"1":{"name":"(anonymous_1)","decl":{"start":{"line":15,"column":2},"end":{"line":15,"column":14}},"loc":{"start":{"line":15,"column":51},"end":{"line":21,"column":3}}},"2":{"name":"(anonymous_2)","decl":{"start":{"line":23,"column":2},"end":{"line":23,"column":22}},"loc":{"start":{"line":23,"column":67},"end":{"line":28,"column":3}}},"3":{"name":"(anonymous_3)","decl":{"start":{"line":30,"column":2},"end":{"line":30,"column":9}},"loc":{"start":{"line":30,"column":20},"end":{"line":32,"column":3}}},"4":{"name":"(anonymous_4)","decl":{"start":{"line":34,"column":2},"end":{"line":34,"column":13}},"loc":{"start":{"line":34,"column":13},"end":{"line":36,"column":3}}},"5":{"name":"(anonymous_5)","decl":{"start":{"line":38,"column":2},"end":{"line":38,"column":8}},"loc":{"start":{"line":38,"column":8},"end":{"line":43,"column":3}}},"6":{"name":"(anonymous_6)","decl":{"start":{"line":45,"column":2},"end":{"line":45,"column":10}},"loc":{"start":{"line":45,"column":20},"end":{"line":52,"column":3}}},"7":{"name":"(anonymous_7)","decl":{"start":{"line":47,"column":42},"end":{"line":47,"column":43}},"loc":{"start":{"line":47,"column":65},"end":{"line":47,"column":74}}}},"branchMap":{"0":{"loc":{"start":{"line":17,"column":4},"end":{"line":20,"column":5}},"type":"if","locations":[{"start":{"line":17,"column":4},"end":{"line":20,"column":5}}]},"1":{"loc":{"start":{"line":18,"column":6},"end":{"line":18,"column":71}},"type":"if","locations":[{"start":{"line":18,"column":6},"end":{"line":18,"column":71}}]},"2":{"loc":{"start":{"line":24,"column":4},"end":{"line":24,"column":27}},"type":"if","locations":[{"start":{"line":24,"column":4},"end":{"line":24,"column":27}}]},"3":{"loc":{"start":{"line":46,"column":4},"end":{"line":48,"column":5}},"type":"if","locations":[{"start":{"line":46,"column":4},"end":{"line":48,"column":5}}]},"4":{"loc":{"start":{"line":49,"column":4},"end":{"line":51,"column":5}},"type":"if","locations":[{"start":{"line":49,"column":4},"end":{"line":51,"column":5}}]}},"s":{"0":11,"1":11,"2":8,"3":8,"4":4,"5":3,"6":4,"7":1,"8":0,"9":1,"10":2,"11":7,"12":2,"13":1,"14":5,"15":1,"16":2,"17":5,"18":1,"19":2},"f":{"0":11,"1":8,"2":1,"3":7,"4":2,"5":1,"6":5,"7":2},"b":{"0":[4],"1":[3],"2":[0],"3":[1],"4":[1]}}
,"/Users/jono/Documents/GitHub/ProtoFusionGirl/src/world/tilemap/TileUndoManager.ts": {"path":"/Users/jono/Documents/GitHub/ProtoFusionGirl/src/world/tilemap/TileUndoManager.ts","statementMap":{"0":{"start":{"line":5,"column":10},"end":{"line":5,"column":null}},"1":{"start":{"line":8,"column":4},"end":{"line":8,"column":27}},"2":{"start":{"line":16,"column":4},"end":{"line":16,"column":30}},"3":{"start":{"line":25,"column":19},"end":{"line":25,"column":38}},"4":{"start":{"line":28,"column":4},"end":{"line":28,"column":18}},"5":{"start":{"line":35,"column":19},"end":{"line":35,"column":38}},"6":{"start":{"line":38,"column":4},"end":{"line":38,"column":18}},"7":{"start":{"line":45,"column":4},"end":{"line":45,"column":39}},"8":{"start":{"line":52,"column":4},"end":{"line":52,"column":39}},"9":{"start":{"line":59,"column":4},"end":{"line":59,"column":43}},"10":{"start":{"line":60,"column":4},"end":{"line":60,"column":43}},"11":{"start":{"line":4,"column":0},"end":{"line":4,"column":13}}},"fnMap":{"0":{"name":"(anonymous_0)","decl":{"start":{"line":7,"column":2},"end":{"line":7,"column":14}},"loc":{"start":{"line":7,"column":36},"end":{"line":9,"column":3}}},"1":{"name":"(anonymous_1)","decl":{"start":{"line":15,"column":2},"end":{"line":15,"column":8}},"loc":{"start":{"line":15,"column":27},"end":{"line":19,"column":3}}},"2":{"name":"(anonymous_2)","decl":{"start":{"line":24,"column":2},"end":{"line":24,"column":6}},"loc":{"start":{"line":24,"column":6},"end":{"line":29,"column":3}}},"3":{"name":"(anonymous_3)","decl":{"start":{"line":34,"column":2},"end":{"line":34,"column":6}},"loc":{"start":{"line":34,"column":6},"end":{"line":39,"column":3}}},"4":{"name":"(anonymous_4)","decl":{"start":{"line":44,"column":2},"end":{"line":44,"column":14}},"loc":{"start":{"line":44,"column":14},"end":{"line":46,"column":3}}},"5":{"name":"(anonymous_5)","decl":{"start":{"line":51,"column":2},"end":{"line":51,"column":14}},"loc":{"start":{"line":51,"column":14},"end":{"line":53,"column":3}}},"6":{"name":"(anonymous_6)","decl":{"start":{"line":58,"column":2},"end":{"line":58,"column":7}},"loc":{"start":{"line":58,"column":7},"end":{"line":61,"column":3}}}},"branchMap":{},"s":{"0":5,"1":5,"2":10,"3":4,"4":4,"5":1,"6":1,"7":2,"8":2,"9":1,"10":1,"11":1},"f":{"0":5,"1":10,"2":4,"3":1,"4":2,"5":2,"6":1},"b":{}}
}
