TN:
SF:src/world/tilemap/TileRegistry.ts
FN:11,(anonymous_0)
FN:15,(anonymous_1)
FN:23,(anonymous_2)
FN:30,(anonymous_3)
FN:34,(anonymous_4)
FN:38,(anonymous_5)
FN:45,(anonymous_6)
FN:47,(anonymous_7)
FNF:8
FNH:8
FNDA:11,(anonymous_0)
FNDA:8,(anonymous_1)
FNDA:1,(anonymous_2)
FNDA:7,(anonymous_3)
FNDA:2,(anonymous_4)
FNDA:1,(anonymous_5)
FNDA:5,(anonymous_6)
FNDA:2,(anonymous_7)
DA:11,2
DA:12,11
DA:13,11
DA:16,8
DA:17,8
DA:18,4
DA:19,4
DA:24,1
DA:25,1
DA:26,2
DA:31,7
DA:35,2
DA:39,1
DA:46,5
DA:47,2
DA:49,5
DA:50,1
LF:17
LH:17
BRDA:17,0,0,4
BRDA:18,1,0,3
BRDA:24,2,0,0
BRDA:46,3,0,1
BRDA:49,4,0,1
BRF:5
BRH:4
end_of_record
TN:
SF:src/world/tilemap/TileUndoManager.ts
FN:7,(anonymous_0)
FN:15,(anonymous_1)
FN:24,(anonymous_2)
FN:34,(anonymous_3)
FN:44,(anonymous_4)
FN:51,(anonymous_5)
FN:58,(anonymous_6)
FNF:7
FNH:7
FNDA:5,(anonymous_0)
FNDA:10,(anonymous_1)
FNDA:4,(anonymous_2)
FNDA:1,(anonymous_3)
FNDA:2,(anonymous_4)
FNDA:2,(anonymous_5)
FNDA:1,(anonymous_6)
DA:4,1
DA:5,5
DA:8,5
DA:16,10
DA:25,4
DA:28,4
DA:35,1
DA:38,1
DA:45,2
DA:52,2
DA:59,1
DA:60,1
LF:12
LH:12
BRF:0
BRH:0
end_of_record
